CRITICAL - 2022-07-04 18:44:35 --> require(D:\AppCloud\ci4bucket\app\Views/vendor/autoload.php): failed to open stream: No such file or directory
in APPPATH\Views\welcome_message.php on line 242.
 1 APPPATH\Views\welcome_message.php(242): CodeIgniter\Debug\Exceptions->errorHandler(2, 'require(D:\\AppCloud\\ci4bucket\\app\\Views/vendor/autoload.php): failed to open stream: No such file or directory', 'APPPATH\\Views\\welcome_message.php', 242, [])
 2 APPPATH\Views\welcome_message.php(242): require()
 3 SYSTEMPATH\View\View.php(213): include('APPPATH\\Views\\welcome_message.php')
 4 SYSTEMPATH\View\View.php(216): CodeIgniter\View\View->CodeIgniter\View\{closure}()
 5 SYSTEMPATH\Common.php(1135): CodeIgniter\View\View->render('welcome_message', [], true)
 6 APPPATH\Controllers\Home.php(9): view('welcome_message')
 7 SYSTEMPATH\CodeIgniter.php(896): App\Controllers\Home->index()
 8 SYSTEMPATH\CodeIgniter.php(466): CodeIgniter\CodeIgniter->runController(Object(App\Controllers\Home))
 9 SYSTEMPATH\CodeIgniter.php(349): CodeIgniter\CodeIgniter->handleRequest(null, Object(Config\Cache), false)
10 FCPATH\index.php(55): CodeIgniter\CodeIgniter->run()
11 SYSTEMPATH\Commands\Server\rewrite.php(43): require_once('FCPATH\\index.php')
CRITICAL - 2022-07-04 18:44:56 --> require(D:\AppCloud\ci4bucket\app\Views/vendor/autoload.php): failed to open stream: No such file or directory
in APPPATH\Views\welcome_message.php on line 242.
 1 APPPATH\Views\welcome_message.php(242): CodeIgniter\Debug\Exceptions->errorHandler(2, 'require(D:\\AppCloud\\ci4bucket\\app\\Views/vendor/autoload.php): failed to open stream: No such file or directory', 'APPPATH\\Views\\welcome_message.php', 242, [])
 2 APPPATH\Views\welcome_message.php(242): require()
 3 SYSTEMPATH\View\View.php(213): include('APPPATH\\Views\\welcome_message.php')
 4 SYSTEMPATH\View\View.php(216): CodeIgniter\View\View->CodeIgniter\View\{closure}()
 5 SYSTEMPATH\Common.php(1135): CodeIgniter\View\View->render('welcome_message', [], true)
 6 APPPATH\Controllers\Home.php(9): view('welcome_message')
 7 SYSTEMPATH\CodeIgniter.php(896): App\Controllers\Home->index()
 8 SYSTEMPATH\CodeIgniter.php(466): CodeIgniter\CodeIgniter->runController(Object(App\Controllers\Home))
 9 SYSTEMPATH\CodeIgniter.php(349): CodeIgniter\CodeIgniter->handleRequest(null, Object(Config\Cache), false)
10 FCPATH\index.php(55): CodeIgniter\CodeIgniter->run()
11 SYSTEMPATH\Commands\Server\rewrite.php(43): require_once('FCPATH\\index.php')
CRITICAL - 2022-07-04 18:45:29 --> require(D:\AppCloud\ci4bucket\app\Views/vendor/autoload.php): failed to open stream: No such file or directory
in APPPATH\Views\welcome_message.php on line 242.
 1 APPPATH\Views\welcome_message.php(242): CodeIgniter\Debug\Exceptions->errorHandler(2, 'require(D:\\AppCloud\\ci4bucket\\app\\Views/vendor/autoload.php): failed to open stream: No such file or directory', 'APPPATH\\Views\\welcome_message.php', 242, [])
 2 APPPATH\Views\welcome_message.php(242): require()
 3 SYSTEMPATH\View\View.php(213): include('APPPATH\\Views\\welcome_message.php')
 4 SYSTEMPATH\View\View.php(216): CodeIgniter\View\View->CodeIgniter\View\{closure}()
 5 SYSTEMPATH\Common.php(1135): CodeIgniter\View\View->render('welcome_message', [], true)
 6 APPPATH\Controllers\Home.php(9): view('welcome_message')
 7 SYSTEMPATH\CodeIgniter.php(896): App\Controllers\Home->index()
 8 SYSTEMPATH\CodeIgniter.php(466): CodeIgniter\CodeIgniter->runController(Object(App\Controllers\Home))
 9 SYSTEMPATH\CodeIgniter.php(349): CodeIgniter\CodeIgniter->handleRequest(null, Object(Config\Cache), false)
10 FCPATH\index.php(55): CodeIgniter\CodeIgniter->run()
11 SYSTEMPATH\Commands\Server\rewrite.php(43): require_once('FCPATH\\index.php')
CRITICAL - 2022-07-04 18:46:45 --> require(D:\AppCloud\ci4bucket\app\Views../../vendor/autoload.php): failed to open stream: No such file or directory
in APPPATH\Views\welcome_message.php on line 242.
 1 APPPATH\Views\welcome_message.php(242): CodeIgniter\Debug\Exceptions->errorHandler(2, 'require(D:\\AppCloud\\ci4bucket\\app\\Views../../vendor/autoload.php): failed to open stream: No such file or directory', 'APPPATH\\Views\\welcome_message.php', 242, [])
 2 APPPATH\Views\welcome_message.php(242): require()
 3 SYSTEMPATH\View\View.php(213): include('APPPATH\\Views\\welcome_message.php')
 4 SYSTEMPATH\View\View.php(216): CodeIgniter\View\View->CodeIgniter\View\{closure}()
 5 SYSTEMPATH\Common.php(1135): CodeIgniter\View\View->render('welcome_message', [], true)
 6 APPPATH\Controllers\Home.php(9): view('welcome_message')
 7 SYSTEMPATH\CodeIgniter.php(896): App\Controllers\Home->index()
 8 SYSTEMPATH\CodeIgniter.php(466): CodeIgniter\CodeIgniter->runController(Object(App\Controllers\Home))
 9 SYSTEMPATH\CodeIgniter.php(349): CodeIgniter\CodeIgniter->handleRequest(null, Object(Config\Cache), false)
10 FCPATH\index.php(55): CodeIgniter\CodeIgniter->run()
11 SYSTEMPATH\Commands\Server\rewrite.php(43): require_once('FCPATH\\index.php')
CRITICAL - 2022-07-04 18:46:50 --> require(D:\AppCloud\ci4bucket\app\Views../../vendor/autoload.php): failed to open stream: No such file or directory
in APPPATH\Views\welcome_message.php on line 242.
 1 APPPATH\Views\welcome_message.php(242): CodeIgniter\Debug\Exceptions->errorHandler(2, 'require(D:\\AppCloud\\ci4bucket\\app\\Views../../vendor/autoload.php): failed to open stream: No such file or directory', 'APPPATH\\Views\\welcome_message.php', 242, [])
 2 APPPATH\Views\welcome_message.php(242): require()
 3 SYSTEMPATH\View\View.php(213): include('APPPATH\\Views\\welcome_message.php')
 4 SYSTEMPATH\View\View.php(216): CodeIgniter\View\View->CodeIgniter\View\{closure}()
 5 SYSTEMPATH\Common.php(1135): CodeIgniter\View\View->render('welcome_message', [], true)
 6 APPPATH\Controllers\Home.php(9): view('welcome_message')
 7 SYSTEMPATH\CodeIgniter.php(896): App\Controllers\Home->index()
 8 SYSTEMPATH\CodeIgniter.php(466): CodeIgniter\CodeIgniter->runController(Object(App\Controllers\Home))
 9 SYSTEMPATH\CodeIgniter.php(349): CodeIgniter\CodeIgniter->handleRequest(null, Object(Config\Cache), false)
10 FCPATH\index.php(55): CodeIgniter\CodeIgniter->run()
11 SYSTEMPATH\Commands\Server\rewrite.php(43): require_once('FCPATH\\index.php')
CRITICAL - 2022-07-04 18:48:16 --> {"error":{"code":409,"message":"The requested bucket name is not available. The bucket namespace is shared by all users of the system. Please select a different name and try again.","errors":[{"message":"The requested bucket name is not available. The bucket namespace is shared by all users of the system. Please select a different name and try again.","domain":"global","reason":"conflict"}]}}
in VENDORPATH\google\cloud-core\src\RequestWrapper.php on line 368.
 1 VENDORPATH\google\cloud-core\src\RequestWrapper.php(207): Google\Cloud\Core\RequestWrapper->convertToGoogleException(Object(GuzzleHttp\Exception\ClientException))
 2 VENDORPATH\google\cloud-core\src\RestTrait.php(97): Google\Cloud\Core\RequestWrapper->send(Object(GuzzleHttp\Psr7\Request), [])
 3 VENDORPATH\google\cloud-storage\src\Connection\Rest.php(177): Google\Cloud\Storage\Connection\Rest->send('buckets', 'insert', [...])
 4 VENDORPATH\google\cloud-storage\src\StorageClient.php(353): Google\Cloud\Storage\Connection\Rest->insertBucket([...])
 5 APPPATH\Views\welcome_message.php(259): Google\Cloud\Storage\StorageClient->createBucket('my-new-bucket')
 6 SYSTEMPATH\View\View.php(213): include('APPPATH\\Views\\welcome_message.php')
 7 SYSTEMPATH\View\View.php(216): CodeIgniter\View\View->CodeIgniter\View\{closure}()
 8 SYSTEMPATH\Common.php(1135): CodeIgniter\View\View->render('welcome_message', [], true)
 9 APPPATH\Controllers\Home.php(9): view('welcome_message')
10 SYSTEMPATH\CodeIgniter.php(896): App\Controllers\Home->index()
11 SYSTEMPATH\CodeIgniter.php(466): CodeIgniter\CodeIgniter->runController(Object(App\Controllers\Home))
12 SYSTEMPATH\CodeIgniter.php(349): CodeIgniter\CodeIgniter->handleRequest(null, Object(Config\Cache), false)
13 FCPATH\index.php(55): CodeIgniter\CodeIgniter->run()
14 SYSTEMPATH\Commands\Server\rewrite.php(43): require_once('FCPATH\\index.php')
CRITICAL - 2022-07-04 18:51:00 --> Call to undefined method Google\Cloud\Storage\StorageClient::create_bucket_class_location()
in APPPATH\Views\welcome_message.php on line 259.
 1 SYSTEMPATH\View\View.php(213): include()
 2 SYSTEMPATH\View\View.php(216): CodeIgniter\View\View->CodeIgniter\View\{closure}()
 3 SYSTEMPATH\Common.php(1135): CodeIgniter\View\View->render('welcome_message', [], true)
 4 APPPATH\Controllers\Home.php(9): view('welcome_message')
 5 SYSTEMPATH\CodeIgniter.php(896): App\Controllers\Home->index()
 6 SYSTEMPATH\CodeIgniter.php(466): CodeIgniter\CodeIgniter->runController(Object(App\Controllers\Home))
 7 SYSTEMPATH\CodeIgniter.php(349): CodeIgniter\CodeIgniter->handleRequest(null, Object(Config\Cache), false)
 8 FCPATH\index.php(55): CodeIgniter\CodeIgniter->run()
 9 SYSTEMPATH\Commands\Server\rewrite.php(43): require_once('FCPATH\\index.php')
CRITICAL - 2022-07-04 18:52:09 --> {"error":{"code":409,"message":"The requested bucket name is not available. The bucket namespace is shared by all users of the system. Please select a different name and try again.","errors":[{"message":"The requested bucket name is not available. The bucket namespace is shared by all users of the system. Please select a different name and try again.","domain":"global","reason":"conflict"}]}}
in VENDORPATH\google\cloud-core\src\RequestWrapper.php on line 368.
 1 VENDORPATH\google\cloud-core\src\RequestWrapper.php(207): Google\Cloud\Core\RequestWrapper->convertToGoogleException(Object(GuzzleHttp\Exception\ClientException))
 2 VENDORPATH\google\cloud-core\src\RestTrait.php(97): Google\Cloud\Core\RequestWrapper->send(Object(GuzzleHttp\Psr7\Request), [])
 3 VENDORPATH\google\cloud-storage\src\Connection\Rest.php(177): Google\Cloud\Storage\Connection\Rest->send('buckets', 'insert', [...])
 4 VENDORPATH\google\cloud-storage\src\StorageClient.php(353): Google\Cloud\Storage\Connection\Rest->insertBucket([...])
 5 APPPATH\Views\welcome_message.php(273): Google\Cloud\Storage\StorageClient->createBucket('irm-learn-bucket', [...])
 6 APPPATH\Views\welcome_message.php(259): create_bucket_class_location('irm-learn-bucket')
 7 SYSTEMPATH\View\View.php(213): include('APPPATH\\Views\\welcome_message.php')
 8 SYSTEMPATH\View\View.php(216): CodeIgniter\View\View->CodeIgniter\View\{closure}()
 9 SYSTEMPATH\Common.php(1135): CodeIgniter\View\View->render('welcome_message', [], true)
10 APPPATH\Controllers\Home.php(9): view('welcome_message')
11 SYSTEMPATH\CodeIgniter.php(896): App\Controllers\Home->index()
12 SYSTEMPATH\CodeIgniter.php(466): CodeIgniter\CodeIgniter->runController(Object(App\Controllers\Home))
13 SYSTEMPATH\CodeIgniter.php(349): CodeIgniter\CodeIgniter->handleRequest(null, Object(Config\Cache), false)
14 FCPATH\index.php(55): CodeIgniter\CodeIgniter->run()
15 SYSTEMPATH\Commands\Server\rewrite.php(43): require_once('FCPATH\\index.php')
